<?xml version="1.0" encoding="UTF-8"?>
<!-- Generated by org.testng.reporters.JUnitReportReporter -->
<testsuite hostname="LAPTOP-DFDTRN2Q" failures="0" tests="1" name="Testng.Testng.BrokenLinksOfPage" time="34.246" errors="0" timestamp="2022-04-17T19:14:24 IST" skipped="0">
  <testcase classname="Testng.Testng.BrokenLinksOfPage" name="list" time="34.246"/>
  <system-out/>
</testsuite> <!-- Testng.Testng.BrokenLinksOfPage -->
