<?xml version="1.0" encoding="UTF-8"?>
<!-- Generated by org.testng.reporters.JUnitReportReporter -->
<testsuite hostname="LAPTOP-DFDTRN2Q" failures="0" tests="1" name="Testng.Testng.Testng" time="12.037" errors="0" timestamp="2022-04-17T15:45:50 IST" skipped="0">
  <testcase classname="Testng.Testng.Testng" name="expliciteWait" time="12.037"/>
  <system-out/>
</testsuite> <!-- Testng.Testng.Testng -->
