<?xml version="1.0" encoding="UTF-8"?>
<!-- Generated by org.testng.reporters.JUnitReportReporter -->
<testsuite hostname="LAPTOP-DFDTRN2Q" failures="0" tests="1" name="Testng.Testng.navigate" time="10.372" errors="0" timestamp="2022-04-17T19:46:44 IST" skipped="0">
  <testcase classname="Testng.Testng.navigate" name="naviagate" time="10.372"/>
  <system-out/>
</testsuite> <!-- Testng.Testng.navigate -->
