<?xml version="1.0" encoding="UTF-8"?>
<!-- Generated by org.testng.reporters.JUnitReportReporter -->
<testsuite hostname="LAPTOP-DFDTRN2Q" failures="0" tests="1" name="Testng.Testng.Windowhandle" time="11.388" errors="0" timestamp="2022-04-21T11:48:05 IST" skipped="0">
  <testcase classname="Testng.Testng.Windowhandle" name="windowhandles" time="11.388"/>
  <system-out/>
</testsuite> <!-- Testng.Testng.Windowhandle -->
