<?xml version="1.0" encoding="UTF-8"?>
<!-- Generated by org.testng.reporters.JUnitReportReporter -->
<testsuite hostname="LAPTOP-DFDTRN2Q" failures="0" tests="1" name="Testng.Testng.bootstrapDropdown" time="21.993" errors="0" timestamp="2022-04-17T17:03:40 IST" skipped="0">
  <testcase classname="Testng.Testng.bootstrapDropdown" name="dropdrowntest" time="21.993"/>
  <system-out/>
</testsuite> <!-- Testng.Testng.bootstrapDropdown -->
