<?xml version="1.0" encoding="UTF-8"?>
<!-- Generated by org.testng.reporters.JUnitReportReporter -->
<testsuite hostname="LAPTOP-DFDTRN2Q" failures="0" tests="1" name="Testng.Testng.Dropdown" time="10.882" errors="0" timestamp="2022-04-17T19:31:57 IST" skipped="0">
  <testcase classname="Testng.Testng.Dropdown" name="dropdown2" time="10.882"/>
  <system-out/>
</testsuite> <!-- Testng.Testng.Dropdown -->
